it give it	libros/01_AliceWonderland.txt
as well as	libros/01_AliceWonderland.txt
oh dear oh	libros/01_AliceWonderland.txt
dear oh dear	libros/01_AliceWonderland.txt
down down down	libros/01_AliceWonderland.txt
to listen to	libros/01_AliceWonderland.txt
you think you	libros/01_AliceWonderland.txt
down down down	libros/01_AliceWonderland.txt
hand in hand	libros/01_AliceWonderland.txt
i wish i	libros/01_AliceWonderland.txt
i think i	libros/01_AliceWonderland.txt
you if you	libros/01_AliceWonderland.txt
she found she	libros/01_AliceWonderland.txt
she found she	libros/01_AliceWonderland.txt
to pretend to	libros/01_AliceWonderland.txt
which way which	libros/01_AliceWonderland.txt
way which way	libros/01_AliceWonderland.txt
curiouser and curiouser	libros/01_AliceWonderland.txt
as much as	libros/01_AliceWonderland.txt
the duchess the	libros/01_AliceWonderland.txt
duchess the duchess	libros/01_AliceWonderland.txt
as hard as	libros/01_AliceWonderland.txt
and gloves and	libros/01_AliceWonderland.txt
the same the	libros/01_AliceWonderland.txt
she oh she	libros/01_AliceWonderland.txt
she s she	libros/01_AliceWonderland.txt
i m i	libros/01_AliceWonderland.txt
paris and paris	libros/01_AliceWonderland.txt
rome and rome	libros/01_AliceWonderland.txt
and strange and	libros/01_AliceWonderland.txt
their putting their	libros/01_AliceWonderland.txt
as nearly as	libros/01_AliceWonderland.txt
i wish i	libros/01_AliceWonderland.txt
to speak to	libros/01_AliceWonderland.txt
a mouse a	libros/01_AliceWonderland.txt
mouse a mouse	libros/01_AliceWonderland.txt
mouse o mouse	libros/01_AliceWonderland.txt
mouse the mouse	libros/01_AliceWonderland.txt
to her to	libros/01_AliceWonderland.txt
i wish i	libros/01_AliceWonderland.txt
are you are	libros/01_AliceWonderland.txt
you are you	libros/01_AliceWonderland.txt
as hard as	libros/01_AliceWonderland.txt
a dodo a	libros/01_AliceWonderland.txt
the bank the	libros/01_AliceWonderland.txt
to alice to	libros/01_AliceWonderland.txt
as wet as	libros/01_AliceWonderland.txt
the dodo the	libros/01_AliceWonderland.txt
it first it	libros/01_AliceWonderland.txt
as solemn as	libros/01_AliceWonderland.txt
i think i	libros/01_AliceWonderland.txt
as soon as	libros/01_AliceWonderland.txt
i wish i	libros/01_AliceWonderland.txt
i know i	libros/01_AliceWonderland.txt
as soon as	libros/01_AliceWonderland.txt
i wish i	libros/01_AliceWonderland.txt
the duchess the	libros/01_AliceWonderland.txt
duchess the duchess	libros/01_AliceWonderland.txt
as sure as	libros/01_AliceWonderland.txt
ferrets are ferrets	libros/01_AliceWonderland.txt
to herself to	libros/01_AliceWonderland.txt
to stoop to	libros/01_AliceWonderland.txt
i hope i	libros/01_AliceWonderland.txt
growing and growing	libros/01_AliceWonderland.txt
and growing and	libros/01_AliceWonderland.txt
had now had	libros/01_AliceWonderland.txt
of chance of	libros/01_AliceWonderland.txt
and smaller and	libros/01_AliceWonderland.txt
and yet and	libros/01_AliceWonderland.txt
yet and yet	libros/01_AliceWonderland.txt
mary ann mary	libros/01_AliceWonderland.txt
ann mary ann	libros/01_AliceWonderland.txt
as large as	libros/01_AliceWonderland.txt
she fancied she	libros/01_AliceWonderland.txt
at all at	libros/01_AliceWonderland.txt
all at all	libros/01_AliceWonderland.txt
here lad here	libros/01_AliceWonderland.txt
i think i	libros/01_AliceWonderland.txt
as loud as	libros/01_AliceWonderland.txt
as soon as	libros/01_AliceWonderland.txt
as hard as	libros/01_AliceWonderland.txt
to grow to	libros/01_AliceWonderland.txt
to whistle to	libros/01_AliceWonderland.txt
she did she	libros/01_AliceWonderland.txt
i suppose i	libros/01_AliceWonderland.txt
caterpillar the caterpillar	libros/01_AliceWonderland.txt
at present at	libros/01_AliceWonderland.txt
i think i	libros/01_AliceWonderland.txt
as well as	libros/01_AliceWonderland.txt
you think you	libros/01_AliceWonderland.txt
again and again	libros/01_AliceWonderland.txt
as steady as	libros/01_AliceWonderland.txt
said right said	libros/01_AliceWonderland.txt
it spoke it	libros/01_AliceWonderland.txt
as far as	libros/01_AliceWonderland.txt
which is whic