it give it	libros/02_SleepyHollow.txt
of one of	libros/02_SleepyHollow.txt
and visions and	libros/02_SleepyHollow.txt
the air the	libros/02_SleepyHollow.txt
the churchyard the	libros/02_SleepyHollow.txt
as well as	libros/02_SleepyHollow.txt
or command or	libros/02_SleepyHollow.txt
and swelled and	libros/02_SleepyHollow.txt
or sweetmeats or	libros/02_SleepyHollow.txt
house to house	libros/02_SleepyHollow.txt
and stream and	libros/02_SleepyHollow.txt
the hillside the	libros/02_SleepyHollow.txt
and goblins and	libros/02_SleepyHollow.txt
and melting and	libros/02_SleepyHollow.txt
her in her	libros/02_SleepyHollow.txt
the farm the	libros/02_SleepyHollow.txt
and cooing and	libros/02_SleepyHollow.txt
a husband a	libros/02_SleepyHollow.txt
of wheat of	libros/02_SleepyHollow.txt
of rye of	libros/02_SleepyHollow.txt
the house the	libros/02_SleepyHollow.txt
and brass and	libros/02_SleepyHollow.txt
as easily as	libros/02_SleepyHollow.txt
and impediments and	libros/02_SleepyHollow.txt
he bent he	libros/02_SleepyHollow.txt
as high as	libros/02_SleepyHollow.txt
her have her	libros/02_SleepyHollow.txt
to do to	libros/02_SleepyHollow.txt
to attend to	libros/02_SleepyHollow.txt
in psalmody in	libros/02_SleepyHollow.txt
to ichabod to	libros/02_SleepyHollow.txt
and serene and	libros/02_SleepyHollow.txt
the air the	libros/02_SleepyHollow.txt
bush to bush	libros/02_SleepyHollow.txt
tree to tree	libros/02_SleepyHollow.txt
and bobbing and	libros/02_SleepyHollow.txt
and bowing and	libros/02_SleepyHollow.txt
his way his	libros/02_SleepyHollow.txt
the west the	libros/02_SleepyHollow.txt
and pincushions and	libros/02_SleepyHollow.txt
as antiquated as	libros/02_SleepyHollow.txt
and mischief and	libros/02_SleepyHollow.txt
of cakes of	libros/02_SleepyHollow.txt
cakes ginger cakes	libros/02_SleepyHollow.txt
and peaches and	libros/02_SleepyHollow.txt
and pears and	libros/02_SleepyHollow.txt
to fall to	libros/02_SleepyHollow.txt
the dance the	libros/02_SleepyHollow.txt
as much as	libros/02_SleepyHollow.txt
ear to ear	libros/02_SleepyHollow.txt
of most of	libros/02_SleepyHollow.txt
the snow the	libros/02_SleepyHollow.txt
the churchyard the	libros/02_SleepyHollow.txt
the dark the	libros/02_SleepyHollow.txt
fainter and fainter	libros/02_SleepyHollow.txt
a tete a	libros/02_SleepyHollow.txt
tete a tete	libros/02_SleepyHollow.txt
these women these	libros/02_SleepyHollow.txt
women these women	libros/02_SleepyHollow.txt
of mountains of	libros/02_SleepyHollow.txt
and oats and	libros/02_SleepyHollow.txt
the afternoon the	libros/02_SleepyHollow.txt
as dismal as	libros/02_SleepyHollow.txt
darker and darker	libros/02_SleepyHollow.txt
he thought he	libros/02_SleepyHollow.txt
side by side	libros/02_SleepyHollow.txt
to plunge to	libros/02_SleepyHollow.txt
the traveller the	libros/02_SleepyHollow.txt
his saddle his	libros/02_SleepyHollow.txt
the hollow the	libros/02_SleepyHollow.txt
he was he	libros/02_SleepyHollow.txt
the dirt the	libros/02_SleepyHollow.txt
of brouwer of	libros/02_SleepyHollow.txt
the millpond the	libros/02_SleepyHollow.txt
the state the	libros/02_SleepyHollow.txt
and printed and	libros/02_SleepyHollow.txt
foundation the foundation	libros/02_SleepyHollow.txt
as long as	libros/02_SleepyHollow.txt
1 e 1	libros/02_SleepyHollow.txt
work any work	libros/02_SleepyHollow.txt
is associated is	libros/02_SleepyHollow.txt
it give it	libros/02_SleepyHollow.txt
1 e 1	libros/02_SleepyHollow.txt
1 through 1	libros/02_SleepyHollow.txt
1 e 1	libros/02_SleepyHollow.txt
1 through 1	libros/02_SleepyHollow.txt
or detach or	libros/02_SleepyHollow.txt
1 e 1	libros/02_SleepyHollow.txt
a copy a	libros/02_SleepyHollow.txt
1 e 1	libros/02_SleepyHollow.txt
of 20 of	libros/02_SleepyHollow.txt
of receipt of	libros/02_SleepyHollow.txt
1 f 1	libros/02_SleepyHollow.txt
f 1 f	libros/02_SleepyHollow.txt
1 f 1	libros/02_SleepyHollow.txt
the foundation the	libros/02_SleepyHollow.txt
agreement the agreement	libros/02_SleepyHollow.txt
the foundation the	libros/02_SleepyHollow.txt
or additions or	libros/02_SleepyHollow.txt
project gutenberg project	libros/02_SleepyHollow.txt
gutenberg project