it give it	libros/03_PrideandPrejudice.txt
as well as	libros/03_PrideandPrejudice.txt
and women and	libros/03_PrideandPrejudice.txt
by allowance by	libros/03_PrideandPrejudice.txt
out and out	libros/03_PrideandPrejudice.txt
the larger the	libros/03_PrideandPrejudice.txt
the others the	libros/03_PrideandPrejudice.txt
the story the	libros/03_PrideandPrejudice.txt
and prejudice and	libros/03_PrideandPrejudice.txt
the footlights the	libros/03_PrideandPrejudice.txt
of scheme of	libros/03_PrideandPrejudice.txt
of time of	libros/03_PrideandPrejudice.txt
of subject of	libros/03_PrideandPrejudice.txt
for much for	libros/03_PrideandPrejudice.txt
a fool a	libros/03_PrideandPrejudice.txt
as well as	libros/03_PrideandPrejudice.txt
in dissecting in	libros/03_PrideandPrejudice.txt
in displaying in	libros/03_PrideandPrejudice.txt
her if her	libros/03_PrideandPrejudice.txt
as eminent as	libros/03_PrideandPrejudice.txt
and mountain and	libros/03_PrideandPrejudice.txt
their studies their	libros/03_PrideandPrejudice.txt
their ways their	libros/03_PrideandPrejudice.txt
the immortal the	libros/03_PrideandPrejudice.txt
mr collins mr	libros/03_PrideandPrejudice.txt
collins mr collins	libros/03_PrideandPrejudice.txt
metals semi metals	libros/03_PrideandPrejudice.txt
the formality the	libros/03_PrideandPrejudice.txt
its philistinism its	libros/03_PrideandPrejudice.txt
its materialism its	libros/03_PrideandPrejudice.txt
as overbearing as	libros/03_PrideandPrejudice.txt
his conduct his	libros/03_PrideandPrejudice.txt
of any of	libros/03_PrideandPrejudice.txt
of swift of	libros/03_PrideandPrejudice.txt
to extend to	libros/03_PrideandPrejudice.txt
the entail the	libros/03_PrideandPrejudice.txt
and sufficient and	libros/03_PrideandPrejudice.txt
as good as	libros/03_PrideandPrejudice.txt
the way the	libros/03_PrideandPrejudice.txt
her playfulness her	libros/03_PrideandPrejudice.txt
her wit her	libros/03_PrideandPrejudice.txt
nothing offensive nothing	libros/03_PrideandPrejudice.txt
nothing viraginous nothing	libros/03_PrideandPrejudice.txt
i should i	libros/03_PrideandPrejudice.txt
to speak to	libros/03_PrideandPrejudice.txt
single oh single	libros/03_PrideandPrejudice.txt
how so how	libros/03_PrideandPrejudice.txt
as soon as	libros/03_PrideandPrejudice.txt
as handsome as	libros/03_PrideandPrejudice.txt
m r m	libros/03_PrideandPrejudice.txt
i knew i	libros/03_PrideandPrejudice.txt
as much as	libros/03_PrideandPrejudice.txt
he spoke he	libros/03_PrideandPrejudice.txt
the tallest the	libros/03_PrideandPrejudice.txt
the father the	libros/03_PrideandPrejudice.txt
the assembly the	libros/03_PrideandPrejudice.txt
to me to	libros/03_PrideandPrejudice.txt
and catherine and	libros/03_PrideandPrejudice.txt
as pretty as	libros/03_PrideandPrejudice.txt
i think i	libros/03_PrideandPrejudice.txt
and fastidious and	libros/03_PrideandPrejudice.txt
no formality no	libros/03_PrideandPrejudice.txt
in trade in	libros/03_PrideandPrejudice.txt
to longbourn to	libros/03_PrideandPrejudice.txt
to come to	libros/03_PrideandPrejudice.txt
as rich as	libros/03_PrideandPrejudice.txt
i was i	libros/03_PrideandPrejudice.txt
as much as	libros/03_PrideandPrejudice.txt
as much as	libros/03_PrideandPrejudice.txt
to him to	libros/03_PrideandPrejudice.txt
as little as	libros/03_PrideandPrejudice.txt
and pleasing and	libros/03_PrideandPrejudice.txt
to wish to	libros/03_PrideandPrejudice.txt
the noise the	libros/03_PrideandPrejudice.txt
love from love	libros/03_PrideandPrejudice.txt
in london in	libros/03_PrideandPrejudice.txt
the way the	libros/03_PrideandPrejudice.txt
to dine to	libros/03_PrideandPrejudice.txt
tete a tete	libros/03_PrideandPrejudice.txt
as soon as	libros/03_PrideandPrejudice.txt
to go to	libros/03_PrideandPrejudice.txt
her but her	libros/03_PrideandPrejudice.txt
as long as	libros/03_PrideandPrejudice.txt
to go to	libros/03_PrideandPrejudice.txt
the walk the	libros/03_PrideandPrejudice.txt
as far as	libros/03_PrideandPrejudice.txt
of one of	libros/03_PrideandPrejudice.txt
field after field	libros/03_PrideandPrejudice.txt
to return to	libros/03_PrideandPrejudice.txt
to longbourn to	libros/03_PrideandPrejudice.txt
to dinner to	libros/03_PrideandPrejudice.txt
she believed she	libros/03_PrideandPrejudice.txt
to say to	libros/03_PrideandPrejudice.txt
as soon as	libros/03_PrideandPrejudice.txt
no conversation no	libros/03_PrideandPrejudice.txt
no style no	libros/03_PrideandPrejudice.txt
no taste no	libros/03_PrideandPrejudice.txt
so untidy so	libros/03_PrideandPrejudice.txt
alone quite alone	libros/03_PrideandPrejudice.txt
to me to	libros/03_PrideandPrejudice.txt
and mother and	libros/03_PrideandPrejudice.txt
i think i	libros/03_PrideandPrejudice.txt
as delightful as	libros/03_PrideandPrejudice.txt
as tall as	libros/03_PrideandPrejudice.txt
i am i	libros/03_PrideandPrejudice.txt
she will she	libros/03_PrideandPrejudice.txt
her age her	libros/03_PrideandPrejudice.txt
all are all	libros/03_PrideandPrejudice.txt
her voice her	libros/03_PrideandPrejudice.txt
and taste and	libros/03_PrideandPrejudice.txt
and application and	libros/03_PrideandPrejudice.txt
her that her	libros/03_PrideandPrejudice.txt
i wish i	libros/03_PrideandPrejudice.txt
it happens it	libros/03_PrideandPrejudice.txt
his countenance his	libros/03_PrideandPrejudice.txt
to say to	libros/03_PrideandPrejudice.txt
not handsome not	libros/03_PrideandPrejudice.txt
of panegyric of	libros/03_PrideandPrejudice.txt
as fast as	libros/03_PrideandPrejudice.txt
it asked it	libros/03_PrideandPrejudice.txt
friend and friend	libros/03_PrideandPrejudice.txt
it will it	libros/03_PrideandPrejudice.txt
to appertain to	libros/03_PrideandPrejudice.txt
as well as	libros/03_PrideandPrejudice.txt
i declare i	libros/03_PrideandPrejudice.txt
the shrubbery the	libros/03_PrideandPrejudice.txt
and shape and	libros/03_PrideandPrejudice.txt
you are you	libros/03_PrideandPrejudice.txt
are you are	libros/03_PrideandPrejudice.txt
to say to	libros/03_PrideandPrejudice.txt
miss bennet miss	libros/03_PrideandPrejudice.txt
you before you	libros/03_PrideandPrejudice.txt
as soon as	libros/03_PrideandPrejudice.txt
as soon as	libros/03_PrideandPrejudice.txt
you are you	libros/03_PrideandPrejudice.txt
to me to	libros/03_PrideandPrejudice.txt
i hope i	libros/03_PrideandPrejudice.txt
i hope i	libros/03_PrideandPrejudice.txt
lost is lost	libros/03_PrideandPrejudice.txt
the other the	libros/03_PrideandPrejudice.txt
as well as	libros/03_PrideandPrejudice.txt
to listen to	libros/03_PrideandPrejudice.txt
as soon as	libros/03_PrideandPrejudice.txt
to explain to	libros/03_PrideandPrejudice.txt
to write to	libros/03_PrideandPrejudice.txt
with anyone with	libros/03_PrideandPrejudice.txt
as well as	libros/03_PrideandPrejudice.txt
and stately and	libros/03_PrideandPrejudice.txt
of some of	libros/03_PrideandPrejudice.txt
the hall the	libros/03_PrideandPrejudice.txt
and praised and	libros/03_PrideandPrejudice.txt
to know to	libros/03_PrideandPrejudice.txt
had already had	libros/03_PrideandPrejudice.txt
his leaving his	libros/03_PrideandPrejudice.txt
as soon as	libros/03_PrideandPrejudice.txt
some herself some	libros/03_PrideandPrejudice.txt
is she is	libros/03_PrideandPrejudice.txt
she is she	libros/03_PrideandPrejudice.txt
she handsome she	libros/03_PrideandPrejudice.txt
lady indeed lady	libros/03_PrideandPrejudice.txt
you that you	libros/03_PrideandPrejudice.txt
as absurd as	libros/03_PrideandPrejudice.txt
to meryton to	libros/03_PrideandPrejudice.txt
to morrow to	libros/03_PrideandPrejudice.txt
of himself of	libros/03_PrideandPrejudice.txt
of amends of	libros/03_PrideandPrejudice.txt
and suitableness and	libros/03_PrideandPrejudice.txt
tete a tete	libros/03_PrideandPrejudice.txt
and tranquillity and	libros/03_PrideandPrejudice.txt
the way the	libros/03_PrideandPrejudice.txt
and kitty and	libros/03_PrideandPrejudice.txt
and unassuming and	libros/03_PrideandPrejudice.txt
and darcy and	libros/03_PrideandPrejudice.txt
the group the	libros/03_PrideandPrejudice.txt
to long to	libros/03_PrideandPrejudice.txt
the philipses the	libros/03_PrideandPrejudice.txt
and admire and	libros/03_PrideandPrejudice.txt
he declared he	libros/03_PrideandPrejudice.txt
as soon as	libros/03_PrideandPrejudice.txt
to t