it give it	libros/04_RomeoandJuliet.txt
team a team	libros/04_RomeoandJuliet.txt
i scene i	libros/04_RomeoandJuliet.txt
in dignity in	libros/04_RomeoandJuliet.txt
i scene i	libros/04_RomeoandJuliet.txt
thou hadst thou	libros/04_RomeoandJuliet.txt
hadst thou hadst	libros/04_RomeoandJuliet.txt
no sampson no	libros/04_RomeoandJuliet.txt
sir no sir	libros/04_RomeoandJuliet.txt
a crutch a	libros/04_RomeoandJuliet.txt
crutch a crutch	libros/04_RomeoandJuliet.txt
you men you	libros/04_RomeoandJuliet.txt
capulet lady capulet	libros/04_RomeoandJuliet.txt
more and more	libros/04_RomeoandJuliet.txt
and more and	libros/04_RomeoandJuliet.txt
part and part	libros/04_RomeoandJuliet.txt
clouds more clouds	libros/04_RomeoandJuliet.txt
so close so	libros/04_RomeoandJuliet.txt
fair mark fair	libros/04_RomeoandJuliet.txt
too fair too	libros/04_RomeoandJuliet.txt
as well as	libros/04_RomeoandJuliet.txt
and tormented and	libros/04_RomeoandJuliet.txt
what lamb what	libros/04_RomeoandJuliet.txt
juliet enter juliet	libros/04_RomeoandJuliet.txt
a was a	libros/04_RomeoandJuliet.txt
as big as	libros/04_RomeoandJuliet.txt
marry that marry	libros/04_RomeoandJuliet.txt
you can you	libros/04_RomeoandJuliet.txt
too rough too	libros/04_RomeoandJuliet.txt
too rude too	libros/04_RomeoandJuliet.txt
love prick love	libros/04_RomeoandJuliet.txt
a mask a	libros/04_RomeoandJuliet.txt
and enter and	libros/04_RomeoandJuliet.txt
the mouse the	libros/04_RomeoandJuliet.txt
night by night	libros/04_RomeoandJuliet.txt
and wakes and	libros/04_RomeoandJuliet.txt
peace mercutio peace	libros/04_RomeoandJuliet.txt
for asked for	libros/04_RomeoandJuliet.txt
tis gone tis	libros/04_RomeoandJuliet.txt
gone tis gone	libros/04_RomeoandJuliet.txt
tis gone tis	libros/04_RomeoandJuliet.txt
gone tis gone	libros/04_RomeoandJuliet.txt
a hall a	libros/04_RomeoandJuliet.txt
hall a hall	libros/04_RomeoandJuliet.txt
the fire the	libros/04_RomeoandJuliet.txt
nay sit nay	libros/04_RomeoandJuliet.txt
sit nay sit	libros/04_RomeoandJuliet.txt
as quickly as	libros/04_RomeoandJuliet.txt
tis more tis	libros/04_RomeoandJuliet.txt
more tis more	libros/04_RomeoandJuliet.txt
for use for	libros/04_RomeoandJuliet.txt
go to go	libros/04_RomeoandJuliet.txt
to go to	libros/04_RomeoandJuliet.txt
more light more	libros/04_RomeoandJuliet.txt
light more light	libros/04_RomeoandJuliet.txt
palm to palm	libros/04_RomeoandJuliet.txt
and honest and	libros/04_RomeoandJuliet.txt
go benvolio go	libros/04_RomeoandJuliet.txt
and green and	libros/04_RomeoandJuliet.txt
it cast it	libros/04_RomeoandJuliet.txt
it off it	libros/04_RomeoandJuliet.txt
she knew she	libros/04_RomeoandJuliet.txt
she were she	libros/04_RomeoandJuliet.txt
that hand that	libros/04_RomeoandJuliet.txt
nor hand nor	libros/04_RomeoandJuliet.txt
nor foot nor	libros/04_RomeoandJuliet.txt
nor arm nor	libros/04_RomeoandJuliet.txt
nor face nor	libros/04_RomeoandJuliet.txt
as far as	libros/04_RomeoandJuliet.txt
too rash too	libros/04_RomeoandJuliet.txt
too sudden too	libros/04_RomeoandJuliet.txt
good night good	libros/04_RomeoandJuliet.txt
night good night	libros/04_RomeoandJuliet.txt
as boundless as	libros/04_RomeoandJuliet.txt
juliet above juliet	libros/04_RomeoandJuliet.txt
to come to	libros/04_RomeoandJuliet.txt
by and by	libros/04_RomeoandJuliet.txt
love from love	libros/04_RomeoandJuliet.txt
juliet above juliet	libros/04_RomeoandJuliet.txt
hist romeo hist	libros/04_RomeoandJuliet.txt
i would i	libros/04_RomeoandJuliet.txt
i yet i	libros/04_RomeoandJuliet.txt
good night good	libros/04_RomeoandJuliet.txt
night good night	libros/04_RomeoandJuliet.txt
s nature s	libros/04_RomeoandJuliet.txt
many for many	libros/04_RomeoandJuliet.txt
as well as	libros/04_RomeoandJuliet.txt
hers so hers	libros/04_RomeoandJuliet.txt
and where and	libros/04_RomeoandJuliet.txt
we met we	libros/04_RomeoandJuliet.txt
is here is	libros/04_RomeoandJuliet.txt
so dear so	libros/04_RomeoandJuliet.txt
grace for grace	libros/04_RomeoandJuliet.txt
love for love	libros/04_RomeoandJuliet.txt
a duellist a	libros/04_RomeoandJuliet.txt
duellist a duellist	libros/04_RomeoandJuliet.txt
a duelli