it give it	libros/05_LadyLake.txt
the result the	libros/05_LadyLake.txt
of slips of	libros/05_LadyLake.txt
line by line	libros/05_LadyLake.txt
the notes the	libros/05_LadyLake.txt
as concise as	libros/05_LadyLake.txt
and constructions and	libros/05_LadyLake.txt
i believe i	libros/05_LadyLake.txt
and faint and	libros/05_LadyLake.txt
the wall the	libros/05_LadyLake.txt
the view the	libros/05_LadyLake.txt
and whoop and	libros/05_LadyLake.txt
the doe the	libros/05_LadyLake.txt
and linn and	libros/05_LadyLake.txt
and moor and	libros/05_LadyLake.txt
shore to shore	libros/05_LadyLake.txt
alone vii alone	libros/05_LadyLake.txt
his breath his	libros/05_LadyLake.txt
the hounds the	libros/05_LadyLake.txt
or battlement or	libros/05_LadyLake.txt
side by side	libros/05_LadyLake.txt
and bay and	libros/05_LadyLake.txt
and amazed and	libros/05_LadyLake.txt
the lake the	libros/05_LadyLake.txt
and mute and	libros/05_LadyLake.txt
and bell and	libros/05_LadyLake.txt
the lake the	libros/05_LadyLake.txt
and eye and	libros/05_LadyLake.txt
a nymph a	libros/05_LadyLake.txt
so soft so	libros/05_LadyLake.txt
or woe or	libros/05_LadyLake.txt
the blast the	libros/05_LadyLake.txt
his blade his	libros/05_LadyLake.txt
he showed he	libros/05_LadyLake.txt
the maid the	libros/05_LadyLake.txt
my way my	libros/05_LadyLake.txt
my friends my	libros/05_LadyLake.txt
as far as	libros/05_LadyLake.txt
the tide the	libros/05_LadyLake.txt
the lake the	libros/05_LadyLake.txt
nor track nor	libros/05_LadyLake.txt
their boughs their	libros/05_LadyLake.txt
and clay and	libros/05_LadyLake.txt
the wind the	libros/05_LadyLake.txt
the clematis the	libros/05_LadyLake.txt
my hope my	libros/05_LadyLake.txt
my heaven my	libros/05_LadyLake.txt
james fitz james	libros/05_LadyLake.txt
age to age	libros/05_LadyLake.txt
such looks such	libros/05_LadyLake.txt
sleep the sleep	libros/05_LadyLake.txt
sleep the sleep	libros/05_LadyLake.txt
of youth of	libros/05_LadyLake.txt
the cold the	libros/05_LadyLake.txt
each hand each	libros/05_LadyLake.txt
as gay as	libros/05_LadyLake.txt
the night the	libros/05_LadyLake.txt
and deep and	libros/05_LadyLake.txt
half showing half	libros/05_LadyLake.txt
thoughts on thoughts	libros/05_LadyLake.txt
the calm the	libros/05_LadyLake.txt
and woes and	libros/05_LadyLake.txt
reviving with reviving	libros/05_LadyLake.txt
thy sword thy	libros/05_LadyLake.txt
and dear and	libros/05_LadyLake.txt
then warrior then	libros/05_LadyLake.txt
the tide the	libros/05_LadyLake.txt
and stop and	libros/05_LadyLake.txt
my harp my	libros/05_LadyLake.txt
one short one	libros/05_LadyLake.txt
the wind the	libros/05_LadyLake.txt
as blithe as	libros/05_LadyLake.txt
her smile her	libros/05_LadyLake.txt
the rank the	libros/05_LadyLake.txt
for jest for	libros/05_LadyLake.txt
and fear and	libros/05_LadyLake.txt
my blood my	libros/05_LadyLake.txt
i own i	libros/05_LadyLake.txt
nearer and nearer	libros/05_LadyLake.txt
and plaids and	libros/05_LadyLake.txt
the ear the	libros/05_LadyLake.txt
and blows and	libros/05_LadyLake.txt
and low and	libros/05_LadyLake.txt
and near and	libros/05_LadyLake.txt
the mountain the	libros/05_LadyLake.txt
row vassals row	libros/05_LadyLake.txt
come loiterer come	libros/05_LadyLake.txt
the maid the	libros/05_LadyLake.txt
his breast his	libros/05_LadyLake.txt
as mighty as	libros/05_LadyLake.txt
the hounds the	libros/05_LadyLake.txt
the maid the	libros/05_LadyLake.txt
in hospitality in	libros/05_LadyLake.txt
the same the	libros/05_LadyLake.txt
same the same	libros/05_LadyLake.txt
the moor the	libros/05_LadyLake.txt
the knell the	libros/05_LadyLake.txt
i pray i	libros/05_LadyLake.txt
and eye and	libros/05_LadyLake.txt
as wan as	libros/05_LadyLake.txt
the hall the	libros/05_LadyLake.txt
the ball the	libros/05_LadyLake.txt
the morn the	libros/05_LadyLake.txt
and pouch and	libros/05_LadyLake.txt
my land my	libros/05_LadyLake.txt
his foes his	libros/05_LadyLake.txt
and dell and	libros/05_LadyLake.txt
and rest and	libros/05_LadyLake.txt
and spells and	libros/05_LadyLake.txt
and strange and	libros/05_LadyLake.txt
the word the	libros/05_LadyLake.txt
and shame and	libros