it give it	libros/06_AllAboutCoffee.txt
coffee illustration coffee	libros/06_AllAboutCoffee.txt
1922 copyright 1922	libros/06_AllAboutCoffee.txt
and museums and	libros/06_AllAboutCoffee.txt
in london in	libros/06_AllAboutCoffee.txt
in paris in	libros/06_AllAboutCoffee.txt
and new and	libros/06_AllAboutCoffee.txt
and tschirch and	libros/06_AllAboutCoffee.txt
and xxxiv and	libros/06_AllAboutCoffee.txt
simmonds herman simmonds	libros/06_AllAboutCoffee.txt
c wilhelm c	libros/06_AllAboutCoffee.txt
the two the	libros/06_AllAboutCoffee.txt
it homage it	libros/06_AllAboutCoffee.txt
nor flesh nor	libros/06_AllAboutCoffee.txt
the trade the	libros/06_AllAboutCoffee.txt
and wholesome and	libros/06_AllAboutCoffee.txt
the plant the	libros/06_AllAboutCoffee.txt
coffee drinking coffee	libros/06_AllAboutCoffee.txt
the hague the	libros/06_AllAboutCoffee.txt
coffee persecutions coffee	libros/06_AllAboutCoffee.txt
the viennese the	libros/06_AllAboutCoffee.txt
coffee strange coffee	libros/06_AllAboutCoffee.txt
coffee claims coffee	libros/06_AllAboutCoffee.txt
coffee licenses coffee	libros/06_AllAboutCoffee.txt
to bring to	libros/06_AllAboutCoffee.txt
class sub class	libros/06_AllAboutCoffee.txt
the berry the	libros/06_AllAboutCoffee.txt
of caffeol of	libros/06_AllAboutCoffee.txt
the world the	libros/06_AllAboutCoffee.txt
america central america	libros/06_AllAboutCoffee.txt
america south america	libros/06_AllAboutCoffee.txt
coffee trading coffee	libros/06_AllAboutCoffee.txt
new york new	libros/06_AllAboutCoffee.txt
wholesale the wholesale	libros/06_AllAboutCoffee.txt
coffee containers coffee	libros/06_AllAboutCoffee.txt
the grocer the	libros/06_AllAboutCoffee.txt
coffee roaster coffee	libros/06_AllAboutCoffee.txt
of distribution of	libros/06_AllAboutCoffee.txt
coffee and coffee	libros/06_AllAboutCoffee.txt
coffee roasting coffee	libros/06_AllAboutCoffee.txt
coffee grinding coffee	libros/06_AllAboutCoffee.txt
a wine a	libros/06_AllAboutCoffee.txt
a medicine a	libros/06_AllAboutCoffee.txt
in europe in	libros/06_AllAboutCoffee.txt
2 1 2	libros/06_AllAboutCoffee.txt
coffee section coffee	libros/06_AllAboutCoffee.txt
the doctors the	libros/06_AllAboutCoffee.txt
cafe 684 cafe	libros/06_AllAboutCoffee.txt
of consumption of	libros/06_AllAboutCoffee.txt
coffee and coffee	libros/06_AllAboutCoffee.txt
coffee and coffee	libros/06_AllAboutCoffee.txt
and coffee and	libros/06_AllAboutCoffee.txt
the plant the	libros/06_AllAboutCoffee.txt
the beverage the	libros/06_AllAboutCoffee.txt
the plant the	libros/06_AllAboutCoffee.txt
the gods the	libros/06_AllAboutCoffee.txt
the berry the	libros/06_AllAboutCoffee.txt
berry voluptuous berry	libros/06_AllAboutCoffee.txt
divine nectar divine	libros/06_AllAboutCoffee.txt
the gods the	libros/06_AllAboutCoffee.txt
drink the drink	libros/06_AllAboutCoffee.txt
of men of	libros/06_AllAboutCoffee.txt
in aleppo in	libros/06_AllAboutCoffee.txt
or w or	libros/06_AllAboutCoffee.txt
in turkish in	libros/06_AllAboutCoffee.txt
the tropics the	libros/06_AllAboutCoffee.txt
that before that	libros/06_AllAboutCoffee.txt
as early as	libros/06_AllAboutCoffee.txt
of most of	libros/06_AllAboutCoffee.txt
as well as	libros/06_AllAboutCoffee.txt
of those of	libros/06_AllAboutCoffee.txt
america central america	libros/06_AllAboutCoffee.txt
to transport to	libros/06_AllAboutCoffee.txt
to according to	libros/06_AllAboutCoffee.txt
was left was	libros/06_AllAboutCoffee.txt
the antilles the	libros/06_AllAboutCoffee.txt
it until it	libros/06_AllAboutCoffee.txt
what luxuries what	libros/06_AllAboutCoffee.txt
the plants the	libros/06_AllAboutCoffee.txt
as well as	libros/06_AllAboutCoffee.txt
the antilles the	libros/06_AllAboutCoffee.txt
day by day	libros/06_AllAboutCoffee.txt
drop by drop	libros/06_AllAboutCoffee.txt
in 1730 in	libros/06_AllAboutCoffee.txt
in 1779 in	libros/06_AllAboutCoffee.txt
in india in	libros/06_AllAboutCoffee.txt
in 1840 in	libros/06_AllAboutCoffee.txt
coffee drinking coffee	libros/06_AllAboutCoffee.txt
and astronomer and	libros/06_AllAboutCoffee.txt
as early as	libros/06_AllAboutCoffee.txt
and dry and	libros/06_AllAboutCoffee.txt
