it give it	libros/07_RoyalCookBook.txt
cakes doughnuts cakes	libros/07_RoyalCookBook.txt
of cream of	libros/07_RoyalCookBook.txt
chocolate 43 chocolate	libros/07_RoyalCookBook.txt
cocoa 42 cocoa	libros/07_RoyalCookBook.txt
coffee 42 coffee	libros/07_RoyalCookBook.txt
fudge 44 fudge	libros/07_RoyalCookBook.txt
bread or bread	libros/07_RoyalCookBook.txt
cakes doughnuts cakes	libros/07_RoyalCookBook.txt
most reliable most	libros/07_RoyalCookBook.txt
or lard or	libros/07_RoyalCookBook.txt
measurements all measurements	libros/07_RoyalCookBook.txt
1 saltspoon 1	libros/07_RoyalCookBook.txt
1 ounce 1	libros/07_RoyalCookBook.txt
level four level	libros/07_RoyalCookBook.txt
1 egg 1	libros/07_RoyalCookBook.txt
1 egg 1	libros/07_RoyalCookBook.txt
2 milk 2	libros/07_RoyalCookBook.txt
flour graham flour	libros/07_RoyalCookBook.txt
2 1 2	libros/07_RoyalCookBook.txt
chopped ham chopped	libros/07_RoyalCookBook.txt
one and one	libros/07_RoyalCookBook.txt
2 1 2	libros/07_RoyalCookBook.txt
and sugar and	libros/07_RoyalCookBook.txt
1 egg 1	libros/07_RoyalCookBook.txt
1 egg 1	libros/07_RoyalCookBook.txt
1 egg 1	libros/07_RoyalCookBook.txt
dough divide dough	libros/07_RoyalCookBook.txt
1 egg 1	libros/07_RoyalCookBook.txt
as little as	libros/07_RoyalCookBook.txt
1 egg 1	libros/07_RoyalCookBook.txt
1 egg 1	libros/07_RoyalCookBook.txt
2 eggs 2	libros/07_RoyalCookBook.txt
2 eggs 2	libros/07_RoyalCookBook.txt
2 eggs 2	libros/07_RoyalCookBook.txt
2 1 2	libros/07_RoyalCookBook.txt
milk or milk	libros/07_RoyalCookBook.txt
1 egg 1	libros/07_RoyalCookBook.txt
1 egg 1	libros/07_RoyalCookBook.txt
1 egg 1	libros/07_RoyalCookBook.txt
and salt and	libros/07_RoyalCookBook.txt
and cinnamon and	libros/07_RoyalCookBook.txt
2 eggs 2	libros/07_RoyalCookBook.txt
and flour and	libros/07_RoyalCookBook.txt
add sugar add	libros/07_RoyalCookBook.txt
add slowly add	libros/07_RoyalCookBook.txt
and milk and	libros/07_RoyalCookBook.txt
1 egg 1	libros/07_RoyalCookBook.txt
1 egg 1	libros/07_RoyalCookBook.txt
mix well mix	libros/07_RoyalCookBook.txt
1 egg 1	libros/07_RoyalCookBook.txt
and cocoanut and	libros/07_RoyalCookBook.txt
1 egg 1	libros/07_RoyalCookBook.txt
2 eggs 2	libros/07_RoyalCookBook.txt
drop by drop	libros/07_RoyalCookBook.txt
2 1 2	libros/07_RoyalCookBook.txt
and flour and	libros/07_RoyalCookBook.txt
half then half	libros/07_RoyalCookBook.txt
1 egg 1	libros/07_RoyalCookBook.txt
1 egg 1	libros/07_RoyalCookBook.txt
of batter of	libros/07_RoyalCookBook.txt
1 egg 1	libros/07_RoyalCookBook.txt
add sugar add	libros/07_RoyalCookBook.txt
add flavoring add	libros/07_RoyalCookBook.txt
cake sponge cake	libros/07_RoyalCookBook.txt
lemon rind lemon	libros/07_RoyalCookBook.txt
add flavoring add	libros/07_RoyalCookBook.txt
and salt and	libros/07_RoyalCookBook.txt
1 egg 1	libros/07_RoyalCookBook.txt
2 eggs 2	libros/07_RoyalCookBook.txt
and flavoring and	libros/07_RoyalCookBook.txt
juice stir juice	libros/07_RoyalCookBook.txt
1 egg 1	libros/07_RoyalCookBook.txt
1 egg 1	libros/07_RoyalCookBook.txt
1 egg 1	libros/07_RoyalCookBook.txt
add sugar add	libros/07_RoyalCookBook.txt
1 egg 1	libros/07_RoyalCookBook.txt
mix well mix	libros/07_RoyalCookBook.txt
1 egg 1	libros/07_RoyalCookBook.txt
one half one	libros/07_RoyalCookBook.txt
add flavoring add	libros/07_RoyalCookBook.txt
roll easily roll	libros/07_RoyalCookBook.txt
1 egg 1	libros/07_RoyalCookBook.txt
1 egg 1	libros/07_RoyalCookBook.txt
2 1 2	libros/07_RoyalCookBook.txt
1 egg 1	libros/07_RoyalCookBook.txt
add slowly add	libros/07_RoyalCookBook.txt
and salt and	libros/07_RoyalCookBook.txt
and oranges and	libros/07_RoyalCookBook.txt
1 egg 1	libros/07_RoyalCookBook.txt
and sugar and	libros/07_RoyalCookBook.txt
and butter and	libros/07_RoyalCookBook.txt
4 apples 4	libros/07_RoyalCookBook.txt
2 or 2	libros/07_RoyalCookBook.txt
and sugar and	libros/07_RoyalCookBook.txt
to oven to	libros/07_RoyalCookBook.txt
cake blueberry cake	libros/07_RoyalCookBook.txt
as soon as	libros/07_RoyalCookBook.txt
4 eggs 4	libros/07_RoyalCookBook.txt
before used before	libros/07_RoyalCookBook.txt
as soon as	libros/07_RoyalCookBook.txt
filling cream filling	libros/07_RoyalCookBook.txt
1 egg 1	libros/07_RoyalCookBook.txt
as little as	libros/07_RoyalCookBook.txt
as little as	libros/07_RoyalCookBook.txt
mince pie mince	libros/07_RoyalCookBook.txt
pie mince pie	libros/07_RoyalCookBook.txt
2 1 2	libros/07_RoyalCookBook.txt
3 eggs 3	libros/07_RoyalCookBook.txt
in opening in	libros/07_RoyalCookBook.txt
sherbet lemon sherbet	libros/07_RoyalCookBook.txt
1 lemon 1	libros/07_RoyalCookBook.txt
or peaches or	libros/07_RoyalCookBook.txt
corn or corn	libros/07_RoyalCookBook.txt
and parsley and	libros/07_RoyalCookBook.txt
to come to	libros/07_RoyalCookBook.txt
body take body	libros/07_RoyalCookBook.txt
oysters 25 oysters	libros/07_RoyalCookBook.txt
1 onion 1	libros/07_RoyalCookBook.txt
2 1 2	libros/07_RoyalCookBook.txt
as soon as	libros/07_RoyalCookBook.txt
in liquor in	libros/07_RoyalCookBook.txt
and boiled and	libros/07_RoyalCookBook.txt
to pan to	libros/07_RoyalCookBook.txt
gravy thicken gravy	libros/07_RoyalCookBook.txt
pork wipe pork	libros/07_RoyalCookBook.txt
in water in	libros/07_RoyalCookBook.txt
sweetbreads lay sweetbreads	libros/07_RoyalCookBook.txt
and crop and	libros/07_RoyalCookBook.txt
poultry after poultry	libros/07_RoyalCookBook.txt
1 to 1	libros/07_RoyalCookBook.txt
and seasoning and	libros/07_RoyalCookBook.txt
in pan in	libros/07_RoyalCookBook.txt
and heart and	libros/07_RoyalCookBook.txt
add then add	libros/07_RoyalCookBook.txt
time to time	libros/07_RoyalCookBook.txt
two drumsticks two	libros/07_RoyalCookBook.txt
1 egg 1	libros/07_RoyalCookBook.txt
and pepper and	libros/07_RoyalCookBook.txt
2 1 2	libros/07_RoyalCookBook.txt
sauce tomato sauce	libros/07_RoyalCookBook.txt
eggs boiled eggs	libros/07_RoyalCookBook.txt
3 to 3	libros/07_RoyalCookBook.txt
eggs break eggs	libros/07_RoyalCookBook.txt
as firm as	libros/07_RoyalCookBook.txt
eggs break eggs	libros/07_RoyalCookBook.txt
and pepper and	libros/07_RoyalCookBook.txt
croquettes salmon croquettes	libros/07_RoyalCookBook.txt
1 egg 1	libros/07_RoyalCookBook.txt
cool when cool	libros/07_RoyalCookBook.txt
and pepper and	libros/07_RoyalCookBook.txt
vegetables summer vegetables	libros/07_RoyalCookBook.txt
1 to 1	libros/07_RoyalCookBook.txt
cabbage cut cabbage	libros/07_RoyalCookBook.txt
and pepper and	libros/07_RoyalCookBook.txt
corn husk corn	libros/07_RoyalCookBook.txt
on platter on	libros/07_RoyalCookBook.txt
beans shell beans	libros/07_RoyalCookBook.txt
tomatoes 6 tomatoes	libros/07_RoyalCookBook.txt
dressing french dressing	libros/07_RoyalCookBook.txt
drop by drop	libros/07_RoyalCookBook.txt
1 grapefruit 1	libros/07_RoyalCookBook.txt
1 orange 1	libros/07_RoyalCookBook.txt
and pepper and	libros/07_RoyalCookBook.txt
of coffee of	libros/07_RoyalCookBook.txt
cream candies cream	libros/07_RoyalCookBook.txt
1 egg 1	libros/07_RoyalCookBook.txt
sugar put sugar	libros/07_RoyalCookBook.txt
and raisins and	libros/07_RoyalCookBook.txt
almonds blanch almonds	libros/07_RoyalCookBook.txt
the home the	libros/07_RoyalCookBook.txt
soups see soups	libros/07_RoyalCookBook.txt
boiling water boiling	libros/07_RoyalCookBook.txt
vegetables prepare vegetables	libros/07_RoyalCookBook.txt
to taste to	libros/07_RoyalCookBook.txt
1 egg 1	libros/07_RoyalCookBook.txt
clean fruit clean	libros/07_RoyalCookBook.txt
clean hands clean	libros/07_RoyalCookBook.txt
in water in	libros/07_RoyalCookBook.txt
may or may	libros/07_RoyalCookBook.txt
or blanch or	libros/07_RoyalCookBook.txt
time see time	libros/07_RoyalCookBook.txt
cherries sour cherries	libros/07_RoyalCookBook.txt
time see time	libros/07_RoyalCookBook.txt
as rapidly as	libros/07_RoyalCookBook.txt
of color of	libros/07_RoyalCookBook.txt
if the if	libros/07_RoyalCookBook.txt
the if the	libros/07_RoyalCookBook.txt
minutes minutes minutes	libros/07_RoyalCookBook.txt
jar fill jar	libros/07_RoyalCookBook.txt
cherries wash cherries	libros/07_RoyalCookBook.txt
canned peaches canned	libros/07_RoyalCookBook.txt
as soon as	libros/07_RoyalCookBook.txt
and maturity and	libros/07_RoyalCookBook.txt
to containers to	libros/07_RoyalCookBook.txt
as soon as	libros/07_RoyalCookBook.txt
beans the beans	libros/07_RoyalCookBo