it give it	libros/08_Pompeii.txt
to add to	libros/08_Pompeii.txt
as well as	libros/08_Pompeii.txt
professor sogliano professor	libros/08_Pompeii.txt
the engraver the	libros/08_Pompeii.txt
the vettii the	libros/08_Pompeii.txt
the forum the	libros/08_Pompeii.txt
the atrium the	libros/08_Pompeii.txt
the kitchen the	libros/08_Pompeii.txt
inscriptions monumental inscriptions	libros/08_Pompeii.txt
from naples from	libros/08_Pompeii.txt
a photograph a	libros/08_Pompeii.txt
a photograph a	libros/08_Pompeii.txt
a photograph a	libros/08_Pompeii.txt
a photograph a	libros/08_Pompeii.txt
ii viii ii	libros/08_Pompeii.txt
a photograph a	libros/08_Pompeii.txt
each other each	libros/08_Pompeii.txt
the middle the	libros/08_Pompeii.txt
the fissures the	libros/08_Pompeii.txt
the volturno the	libros/08_Pompeii.txt
in italy in	libros/08_Pompeii.txt
further and further	libros/08_Pompeii.txt
the shore the	libros/08_Pompeii.txt
the gardens the	libros/08_Pompeii.txt
the houses the	libros/08_Pompeii.txt
to convey to	libros/08_Pompeii.txt
the plain the	libros/08_Pompeii.txt
the base the	libros/08_Pompeii.txt
in latin in	libros/08_Pompeii.txt
the city the	libros/08_Pompeii.txt
in cumae in	libros/08_Pompeii.txt
the coast the	libros/08_Pompeii.txt
as far as	libros/08_Pompeii.txt
to asia to	libros/08_Pompeii.txt
the pompeians the	libros/08_Pompeii.txt
the voting the	libros/08_Pompeii.txt
the colonists the	libros/08_Pompeii.txt
the inhabitants the	libros/08_Pompeii.txt
augustus pagus augustus	libros/08_Pompeii.txt
the colonists the	libros/08_Pompeii.txt
the markets the	libros/08_Pompeii.txt
and streets and	libros/08_Pompeii.txt
the streets the	libros/08_Pompeii.txt
in use in	libros/08_Pompeii.txt
the offices the	libros/08_Pompeii.txt
a prefect a	libros/08_Pompeii.txt
the emperor the	libros/08_Pompeii.txt
the south the	libros/08_Pompeii.txt
pompeii in pompeii	libros/08_Pompeii.txt
um cast um	libros/08_Pompeii.txt
the city the	libros/08_Pompeii.txt
our studies our	libros/08_Pompeii.txt
of letters of	libros/08_Pompeii.txt
the earth the	libros/08_Pompeii.txt
to picture to	libros/08_Pompeii.txt
as far as	libros/08_Pompeii.txt
through and through	libros/08_Pompeii.txt
time to time	libros/08_Pompeii.txt
the victims the	libros/08_Pompeii.txt
the city the	libros/08_Pompeii.txt
room to room	libros/08_Pompeii.txt
the theatre the	libros/08_Pompeii.txt
the amphitheatre the	libros/08_Pompeii.txt
the basilica the	libros/08_Pompeii.txt
of pansa of	libros/08_Pompeii.txt
the city the	libros/08_Pompeii.txt
to rome to	libros/08_Pompeii.txt
the vettii the	libros/08_Pompeii.txt
the lava the	libros/08_Pompeii.txt
the city the	libros/08_Pompeii.txt
the sea the	libros/08_Pompeii.txt
the market the	libros/08_Pompeii.txt
and south and	libros/08_Pompeii.txt
and east and	libros/08_Pompeii.txt
street the street	libros/08_Pompeii.txt
the fourth the	libros/08_Pompeii.txt
street stabian street	libros/08_Pompeii.txt
street nola street	libros/08_Pompeii.txt
the plans the	libros/08_Pompeii.txt
of several of	libros/08_Pompeii.txt
it belongs it	libros/08_Pompeii.txt
the forum the	libros/08_Pompeii.txt
work reticulate work	libros/08_Pompeii.txt
work ashlar work	libros/08_Pompeii.txt
as well as	libros/08_Pompeii.txt
the surface the	libros/08_Pompeii.txt
the wall the	libros/08_Pompeii.txt
the name the	libros/08_Pompeii.txt
the walls the	libros/08_Pompeii.txt
is it is	libros/08_Pompeii.txt
to determine to	libros/08_Pompeii.txt
the forum the	libros/08_Pompeii.txt
the basilica the	libros/08_Pompeii.txt
the gladiators the	libros/08_Pompeii.txt
the colony the	libros/08_Pompeii.txt
the forum the	libros/08_Pompeii.txt
as nearly as	libros/08_Pompeii.txt
the forum the	libros/08_Pompeii.txt
forum the forum	libros/08_Pompeii.txt
temple the temple	libros/08_Pompeii.txt
the colonnade the	libros/08_Pompeii.txt
the colonnade the	libros/08_Pompeii.txt
the right the	libros/08_Pompeii.txt
the right the	libros/08_Pompeii.txt
the entrances the	libros/08_Pompeii.txt
as far as	libros/08_Pompeii.txt
the doric the	libros/08_Pompeii.txt
the colonnade the	libros/08_Pompeii.txt
water the water	libros/08_Pompeii.txt
of d