it give it	libros/09_GothicArchitecture.txt
and discoveries and	libros/09_GothicArchitecture.txt
of churches of	libros/09_GothicArchitecture.txt
of one of	libros/09_GothicArchitecture.txt
the whole the	libros/09_GothicArchitecture.txt
of civilisation of	libros/09_GothicArchitecture.txt
of building of	libros/09_GothicArchitecture.txt
the east the	libros/09_GothicArchitecture.txt
the north the	libros/09_GothicArchitecture.txt
the walls the	libros/09_GothicArchitecture.txt
the northerners the	libros/09_GothicArchitecture.txt
rapid so rapid	libros/09_GothicArchitecture.txt
of points of	libros/09_GothicArchitecture.txt
traditions these traditions	libros/09_GothicArchitecture.txt
as rapidly as	libros/09_GothicArchitecture.txt
their origin their	libros/09_GothicArchitecture.txt
of that of	libros/09_GothicArchitecture.txt
the vault the	libros/09_GothicArchitecture.txt
of those of	libros/09_GothicArchitecture.txt
in vain in	libros/09_GothicArchitecture.txt
of one of	libros/09_GothicArchitecture.txt
a of a	libros/09_GothicArchitecture.txt
fig 1 fig	libros/09_GothicArchitecture.txt
the arch the	libros/09_GothicArchitecture.txt
of one of	libros/09_GothicArchitecture.txt
the longitudinal the	libros/09_GothicArchitecture.txt
arches these arches	libros/09_GothicArchitecture.txt
a cupola a	libros/09_GothicArchitecture.txt
as much as	libros/09_GothicArchitecture.txt
of one of	libros/09_GothicArchitecture.txt
the formerets the	libros/09_GothicArchitecture.txt
as far as	libros/09_GothicArchitecture.txt
the north the	libros/09_GothicArchitecture.txt
as nearly as	libros/09_GothicArchitecture.txt
strength to strength	libros/09_GothicArchitecture.txt
stone a stone	libros/09_GothicArchitecture.txt
the extreme the	libros/09_GothicArchitecture.txt
the nave the	libros/09_GothicArchitecture.txt
as well as	libros/09_GothicArchitecture.txt
the system the	libros/09_GothicArchitecture.txt
and bourges and	libros/09_GothicArchitecture.txt
is buried is	libros/09_GothicArchitecture.txt
the steeple the	libros/09_GothicArchitecture.txt
members and members	libros/09_GothicArchitecture.txt
step by step	libros/09_GothicArchitecture.txt
his research his	libros/09_GothicArchitecture.txt
his hesitation his	libros/09_GothicArchitecture.txt
the contrary the	libros/09_GothicArchitecture.txt
the nave the	libros/09_GothicArchitecture.txt
as illogical as	libros/09_GothicArchitecture.txt
of aquitaine of	libros/09_GothicArchitecture.txt
equilibrium the equilibrium	libros/09_GothicArchitecture.txt
the weather the	libros/09_GothicArchitecture.txt
the building the	libros/09_GothicArchitecture.txt
to refer to	libros/09_GothicArchitecture.txt
the nave the	libros/09_GothicArchitecture.txt
as well as	libros/09_GothicArchitecture.txt
the choir the	libros/09_GothicArchitecture.txt
of anyone of	libros/09_GothicArchitecture.txt
and lightness and	libros/09_GothicArchitecture.txt
the other the	libros/09_GothicArchitecture.txt
the felloes the	libros/09_GothicArchitecture.txt
the choir the	libros/09_GothicArchitecture.txt
a choir a	libros/09_GothicArchitecture.txt
of lyons of	libros/09_GothicArchitecture.txt
in england in	libros/09_GothicArchitecture.txt
in earnest in	libros/09_GothicArchitecture.txt
and towers and	libros/09_GothicArchitecture.txt
the period the	libros/09_GothicArchitecture.txt
in france in	libros/09_GothicArchitecture.txt
of workmen of	libros/09_GothicArchitecture.txt
of that of	libros/09_GothicArchitecture.txt
and pure and	libros/09_GothicArchitecture.txt
to upsala to	libros/09_GothicArchitecture.txt
of leon of	libros/09_GothicArchitecture.txt
of palencia of	libros/09_GothicArchitecture.txt
of oviedo of	libros/09_GothicArchitecture.txt
of pampeluna of	libros/09_GothicArchitecture.txt
as well as	libros/09_GothicArchitecture.txt
as well as	libros/09_GothicArchitecture.txt
in embryo in	libros/09_GothicArchitecture.txt
the east the	libros/09_GothicArchitecture.txt
profiles these profiles	libros/09_GothicArchitecture.txt
and recrossing and	libros/09_GothicArchitecture.txt
the carver the	libros/09_GothicArchitecture.txt
the district the	libros/09_GothicArchitecture.txt
the exterior the	libros/09_GothicArchitecture.txt
churches the churches	libros/09_GothicArchitecture.txt
of voussoirs of	libros/09_GothicArchitecture.txt
the nave the	libros/09_GothicArchitecture.txt
as far as	libros/09_GothicArchitecture.txt
its dimensions its	libros/09_GothicArchitecture.txt
the architecture the	libros/09_GothicArchitecture.txt
the carvers the	libros/09_GothicArchitecture.txt
the granite the	libros/09_GothicArchitecture.txt
the levant the	libros/09_GothicArchitecture.txt
and 1228 and	libros/09_GothicArchitecture.txt
the armenians the	libros/09_GothicArchitecture.txt
at limasol at	libros/09_GothicArchitecture.txt
the tower the	libros/09_GothicArchitecture.txt
the domes the	libros/09_GothicArchitecture.txt
and tocsin and	libros/09_GothicArchitecture.txt
the belfry the	libros/09_GothicArchitecture.txt
of giotto of	libros/09_GothicArchitecture.txt
of padua of	libros/09_GothicArchitecture.txt
and diameter and	libros/09_GothicArchitecture.txt
and abbeys and	libros/09_GothicArchitecture.txt
the time the	libros/09_GothicArchitecture.txt
as far as	libros/09_GothicArchitecture.txt
the altar the	libros/09_GothicArchitecture.txt
the apse the	libros/09_GothicArchitecture.txt
the east the	libros/09_GothicArchitecture.txt
of amiens of	libros/09_GothicArchitecture.txt
of beauvais of	libros/09_GothicArchitecture.txt
of auch of	libros/09_GothicArchitecture.txt
of lincoln of	libros/09_GothicArchitecture.txt
of canterbury of	libros/09_GothicArchitecture.txt
of spires of	libros/09_GothicArchitecture.txt
of worms of	libros/09_GothicArchitecture.txt
the plan the	libros/09_GothicArchitecture.txt
chapel or chapel	libros/09_GothicArchitecture.txt
to attach to	libros/09_GothicArchitecture.txt
and chaumont and	libros/09_GothicArchitecture.txt
the building the	libros/09_GothicArchitecture.txt
the virgin the	libros/09_GothicArchitecture.txt
the masterpiece the	libros/09_GothicArchitecture.txt
the barbarians the	libros/09_GothicArchitecture.txt
generation to generation	libros/09_GothicArchitecture.txt
to generation to	libros/09_GothicArchitecture.txt
and learning and	libros/09_GothicArchitecture.txt
the fifteenth the	libros/09_GothicArchitecture.txt
of those of	libros/09_GothicArchitecture.txt
the sixteenth the	libros/09_GothicArchitecture.txt
and expression and	libros/09_GothicArchitecture.txt
closer and closer	libros/09_GothicArchitecture.txt
117 illustration 117	libros/09_GothicArchitecture.txt
of one of	libros/09_GothicArchitecture.txt
the cupola the	libros/09_GothicArchitecture.txt
the masonry the	libros/09_GothicArchitecture.txt
the cupola the	libros/09_GothicArchitecture.txt
the cathedral the	libros/09_GothicArchitecture.txt
the saint the	libros/09_GothicArchitecture.txt
the structure the	libros/09_GothicArchitecture.txt
a picture a	libros/09_GothicArchitecture.txt
to lead to	libros/09_GothicArchitecture.txt
panel to panel	libros/09_GothicArchitecture.txt
the background the	libros/09_GothicArchitecture.txt
4 3 4	libros/09_GothicArchitecture.txt
the enamel the	libros/09_GothicArchitecture.txt
the graver the	libros/09_GothicArchitecture.txt
origin the origin	libros/09_GothicArchitecture.txt
the cathedrals the	libros/09_GothicArchitecture.txt
in france in	libros/09_GothicArchitecture.txt
as fruitful as	libros/09_GothicArchitecture.txt
the west the	libros/09_GothicArchitecture.txt
and illuminations and	libros/09_GothicArchitecture.txt
of one of	libros/09_GothicArchitecture.txt
of that of	libros/09_GothicArchitecture.txt
architecture monastic architecture	libros/09_GothicArchitecture.txt
the kitchens the	libros/09_GothicArchitecture.txt
the church the	libros/09_GothicArchitecture.txt
the monks the	libros/09_GothicArchitecture.txt
the benedictines the	libros/09_GothicArchitecture.txt
the cistercians the	libros/09_GothicArchitecture.txt
the augustinians the	libros/09_GothicArchitecture.txt
the church the	libros/09_GothicArchitecture.txt
the east the	libros/09_GothicArchitecture.txt
the kind the	libros/09_GothicArchitecture.txt
the entrance the	libros/09_GothicArchitecture.txt
the first the	libros/09_GothicArchitecture.txt
the plan the	l