it give it	libros/10_Pocahontas.txt
to swim to	libros/10_Pocahontas.txt
the morrow the	libros/10_Pocahontas.txt
to work to	libros/10_Pocahontas.txt
and quarreled and	libros/10_Pocahontas.txt
to work to	libros/10_Pocahontas.txt
for corn for	libros/10_Pocahontas.txt
to retreat to	libros/10_Pocahontas.txt
the indians the	libros/10_Pocahontas.txt
they found they	libros/10_Pocahontas.txt
village to village	libros/10_Pocahontas.txt
round and round	libros/10_Pocahontas.txt
the sun the	libros/10_Pocahontas.txt
for food for	libros/10_Pocahontas.txt
the land the	libros/10_Pocahontas.txt
to go to	libros/10_Pocahontas.txt
to agree to	libros/10_Pocahontas.txt
his boat his	libros/10_Pocahontas.txt
and nantaquaus and	libros/10_Pocahontas.txt
as well as	libros/10_Pocahontas.txt
he saw he	libros/10_Pocahontas.txt
and receptions and	libros/10_Pocahontas.txt
the same the	libros/10_Pocahontas.txt
her at her	libros/10_Pocahontas.txt
to branford to	libros/10_Pocahontas.txt
her since her	libros/10_Pocahontas.txt
her and her	libros/10_Pocahontas.txt
more and more	libros/10_Pocahontas.txt
as long as	libros/10_Pocahontas.txt
of adventure of	libros/10_Pocahontas.txt
and printed and	libros/10_Pocahontas.txt
foundation the foundation	libros/10_Pocahontas.txt
as long as	libros/10_Pocahontas.txt
1 e 1	libros/10_Pocahontas.txt
work any work	libros/10_Pocahontas.txt
is associated is	libros/10_Pocahontas.txt
it give it	libros/10_Pocahontas.txt
1 e 1	libros/10_Pocahontas.txt
1 through 1	libros/10_Pocahontas.txt
1 e 1	libros/10_Pocahontas.txt
1 through 1	libros/10_Pocahontas.txt
or detach or	libros/10_Pocahontas.txt
1 e 1	libros/10_Pocahontas.txt
a copy a	libros/10_Pocahontas.txt
1 e 1	libros/10_Pocahontas.txt
of 20 of	libros/10_Pocahontas.txt
of receipt of	libros/10_Pocahontas.txt
1 f 1	libros/10_Pocahontas.txt
f 1 f	libros/10_Pocahontas.txt
1 f 1	libros/10_Pocahontas.txt
the foundation the	libros/10_Pocahontas.txt
agreement the agreement	libros/10_Pocahontas.txt
the foundation the	libros/10_Pocahontas.txt
or additions or	libros/10_Pocahontas.txt
project gutenberg project	libros/10_Pocahontas.txt
gutenberg project gutenberg	libros/10_Pocahontas.txt
of hundreds of	libros/10_Pocahontas.txt
and 4 and	libros/10_Pocahontas.txt
the irs the	libros/10_Pocahontas.txt
to subscribe to	libros/10_Pocahontas.txt
